{"/home/kings/200427/milton_reyes_p0/src/dao/FoodGroceryDao.ts": {"path":"/home/kings/200427/milton_reyes_p0/src/dao/FoodGroceryDao.ts","statementMap":{"0":{"start":{"line":1,"column":0},"end":{"line":1,"column":31}},"1":{"start":{"line":2,"column":0},"end":{"line":2,"column":67}},"2":{"start":{"line":5,"column":17},"end":{"line":5,"column":47}},"3":{"start":{"line":7,"column":5},"end":{"line":15,"column":8}},"4":{"start":{"line":8,"column":40},"end":{"line":8,"column":51}},"5":{"start":{"line":9,"column":9},"end":{"line":9,"column":39}},"6":{"start":{"line":10,"column":9},"end":{"line":10,"column":27}},"7":{"start":{"line":12,"column":46},"end":{"line":12,"column":84}},"8":{"start":{"line":12,"column":62},"end":{"line":12,"column":83}},"9":{"start":{"line":13,"column":9},"end":{"line":13,"column":54}},"10":{"start":{"line":14,"column":9},"end":{"line":14,"column":30}},"11":{"start":{"line":4,"column":1},"end":{"line":4,"column":17}},"12":{"start":{"line":19,"column":16},"end":{"line":19,"column":66}},"13":{"start":{"line":21,"column":4},"end":{"line":22,"column":74}},"14":{"start":{"line":22,"column":24},"end":{"line":22,"column":72}},"15":{"start":{"line":22,"column":47},"end":{"line":22,"column":68}},"16":{"start":{"line":18,"column":0},"end":{"line":18,"column":16}},"17":{"start":{"line":26,"column":16},"end":{"line":26,"column":98}},"18":{"start":{"line":28,"column":19},"end":{"line":28,"column":77}},"19":{"start":{"line":29,"column":4},"end":{"line":31,"column":6}},"20":{"start":{"line":30,"column":8},"end":{"line":30,"column":56}},"21":{"start":{"line":30,"column":31},"end":{"line":30,"column":52}},"22":{"start":{"line":25,"column":0},"end":{"line":25,"column":16}},"23":{"start":{"line":36,"column":16},"end":{"line":36,"column":130}},"24":{"start":{"line":38,"column":19},"end":{"line":38,"column":77}},"25":{"start":{"line":40,"column":4},"end":{"line":41,"column":74}},"26":{"start":{"line":41,"column":24},"end":{"line":41,"column":72}},"27":{"start":{"line":41,"column":47},"end":{"line":41,"column":68}},"28":{"start":{"line":34,"column":0},"end":{"line":34,"column":16}}},"fnMap":{"0":{"name":"getAllFoodGroceries","decl":{"start":{"line":4,"column":17},"end":{"line":4,"column":36}},"loc":{"start":{"line":4,"column":36},"end":{"line":16,"column":2}}},"1":{"name":"(anonymous_1)","decl":{"start":{"line":7,"column":51},"end":{"line":7,"column":57}},"loc":{"start":{"line":7,"column":60},"end":{"line":15,"column":6}}},"2":{"name":"(anonymous_2)","decl":{"start":{"line":12,"column":55},"end":{"line":12,"column":58}},"loc":{"start":{"line":12,"column":62},"end":{"line":12,"column":83}}},"3":{"name":"getFoodGroceryByUpcFood","decl":{"start":{"line":18,"column":16},"end":{"line":18,"column":39}},"loc":{"start":{"line":18,"column":55},"end":{"line":23,"column":1}}},"4":{"name":"(anonymous_4)","decl":{"start":{"line":22,"column":14},"end":{"line":22,"column":20}},"loc":{"start":{"line":22,"column":24},"end":{"line":22,"column":72}}},"5":{"name":"(anonymous_5)","decl":{"start":{"line":22,"column":40},"end":{"line":22,"column":43}},"loc":{"start":{"line":22,"column":47},"end":{"line":22,"column":68}}},"6":{"name":"saveFoodGrocery","decl":{"start":{"line":25,"column":16},"end":{"line":25,"column":31}},"loc":{"start":{"line":25,"column":56},"end":{"line":32,"column":1}}},"7":{"name":"(anonymous_7)","decl":{"start":{"line":29,"column":54},"end":{"line":29,"column":60}},"loc":{"start":{"line":30,"column":8},"end":{"line":30,"column":56}}},"8":{"name":"(anonymous_8)","decl":{"start":{"line":30,"column":24},"end":{"line":30,"column":27}},"loc":{"start":{"line":30,"column":31},"end":{"line":30,"column":52}}},"9":{"name":"patchFoodGrocery","decl":{"start":{"line":34,"column":16},"end":{"line":34,"column":32}},"loc":{"start":{"line":34,"column":57},"end":{"line":42,"column":1}}},"10":{"name":"(anonymous_10)","decl":{"start":{"line":41,"column":14},"end":{"line":41,"column":20}},"loc":{"start":{"line":41,"column":24},"end":{"line":41,"column":72}}},"11":{"name":"(anonymous_11)","decl":{"start":{"line":41,"column":40},"end":{"line":41,"column":43}},"loc":{"start":{"line":41,"column":47},"end":{"line":41,"column":68}}}},"branchMap":{},"s":{"0":2,"1":2,"2":0,"3":0,"4":0,"5":0,"6":0,"7":0,"8":0,"9":0,"10":0,"11":2,"12":0,"13":0,"14":0,"15":0,"16":2,"17":0,"18":0,"19":0,"20":0,"21":0,"22":2,"23":0,"24":0,"25":0,"26":0,"27":0,"28":2},"f":{"0":0,"1":0,"2":0,"3":0,"4":0,"5":0,"6":0,"7":0,"8":0,"9":0,"10":0,"11":0},"b":{}}
,"/home/kings/200427/milton_reyes_p0/src/dao/db.ts": {"path":"/home/kings/200427/milton_reyes_p0/src/dao/db.ts","statementMap":{"0":{"start":{"line":1,"column":0},"end":{"line":1,"column":26}},"1":{"start":{"line":3,"column":13},"end":{"line":12,"column":3}}},"fnMap":{},"branchMap":{},"s":{"0":2,"1":2},"f":{},"b":{}}
,"/home/kings/200427/milton_reyes_p0/src/model/FoodGrocery.ts": {"path":"/home/kings/200427/milton_reyes_p0/src/model/FoodGrocery.ts","statementMap":{"0":{"start":{"line":7,"column":8},"end":{"line":7,"column":25}},"1":{"start":{"line":8,"column":8},"end":{"line":8,"column":31}},"2":{"start":{"line":9,"column":8},"end":{"line":9,"column":27}},"3":{"start":{"line":13,"column":28},"end":{"line":13,"column":76}},"4":{"start":{"line":14,"column":8},"end":{"line":14,"column":27}},"5":{"start":{"line":1,"column":0},"end":{"line":1,"column":13}}},"fnMap":{"0":{"name":"(anonymous_0)","decl":{"start":{"line":6,"column":4},"end":{"line":6,"column":16}},"loc":{"start":{"line":6,"column":55},"end":{"line":10,"column":5}}},"1":{"name":"(anonymous_1)","decl":{"start":{"line":12,"column":4},"end":{"line":12,"column":10}},"loc":{"start":{"line":12,"column":35},"end":{"line":15,"column":5}}}},"branchMap":{},"s":{"0":4,"1":4,"2":4,"3":0,"4":0,"5":3},"f":{"0":4,"1":0},"b":{}}
,"/home/kings/200427/milton_reyes_p0/src/router/foodGroceryRouter.ts": {"path":"/home/kings/200427/milton_reyes_p0/src/router/foodGroceryRouter.ts","statementMap":{"0":{"start":{"line":1,"column":0},"end":{"line":1,"column":30}},"1":{"start":{"line":2,"column":0},"end":{"line":2,"column":68}},"2":{"start":{"line":4,"column":13},"end":{"line":4,"column":50}},"3":{"start":{"line":6,"column":0},"end":{"line":18,"column":3}},"4":{"start":{"line":9,"column":4},"end":{"line":17,"column":7}},"5":{"start":{"line":10,"column":8},"end":{"line":10,"column":51}},"6":{"start":{"line":11,"column":8},"end":{"line":11,"column":33}},"7":{"start":{"line":12,"column":8},"end":{"line":12,"column":35}},"8":{"start":{"line":13,"column":8},"end":{"line":13,"column":15}},"9":{"start":{"line":15,"column":8},"end":{"line":15,"column":25}},"10":{"start":{"line":16,"column":8},"end":{"line":16,"column":33}},"11":{"start":{"line":25,"column":0},"end":{"line":39,"column":3}},"12":{"start":{"line":26,"column":20},"end":{"line":26,"column":42}},"13":{"start":{"line":27,"column":4},"end":{"line":38,"column":null}},"14":{"start":{"line":28,"column":8},"end":{"line":32,"column":null}},"15":{"start":{"line":29,"column":12},"end":{"line":29,"column":37}},"16":{"start":{"line":31,"column":12},"end":{"line":31,"column":39}},"17":{"start":{"line":33,"column":8},"end":{"line":33,"column":15}},"18":{"start":{"line":35,"column":8},"end":{"line":35,"column":25}},"19":{"start":{"line":36,"column":8},"end":{"line":36,"column":33}},"20":{"start":{"line":37,"column":8},"end":{"line":37,"column":15}},"21":{"start":{"line":46,"column":0},"end":{"line":59,"column":3}},"22":{"start":{"line":47,"column":24},"end":{"line":47,"column":36}},"23":{"start":{"line":48,"column":4},"end":{"line":48,"column":54}},"24":{"start":{"line":49,"column":4},"end":{"line":58,"column":11}},"25":{"start":{"line":51,"column":12},"end":{"line":51,"column":33}},"26":{"start":{"line":52,"column":12},"end":{"line":52,"column":42}},"27":{"start":{"line":53,"column":12},"end":{"line":53,"column":19}},"28":{"start":{"line":55,"column":12},"end":{"line":55,"column":29}},"29":{"start":{"line":56,"column":12},"end":{"line":56,"column":37}},"30":{"start":{"line":57,"column":12},"end":{"line":57,"column":19}},"31":{"start":{"line":62,"column":0},"end":{"line":77,"column":3}},"32":{"start":{"line":63,"column":24},"end":{"line":63,"column":36}},"33":{"start":{"line":64,"column":4},"end":{"line":76,"column":null}},"34":{"start":{"line":66,"column":12},"end":{"line":70,"column":null}},"35":{"start":{"line":67,"column":16},"end":{"line":67,"column":50}},"36":{"start":{"line":69,"column":16},"end":{"line":69,"column":41}},"37":{"start":{"line":72,"column":12},"end":{"line":72,"column":29}},"38":{"start":{"line":73,"column":12},"end":{"line":73,"column":37}},"39":{"start":{"line":75,"column":12},"end":{"line":75,"column":19}}},"fnMap":{"0":{"name":"(anonymous_2)","decl":{"start":{"line":6,"column":26},"end":{"line":6,"column":27}},"loc":{"start":{"line":6,"column":54},"end":{"line":18,"column":1}}},"1":{"name":"(anonymous_3)","decl":{"start":{"line":9,"column":50},"end":{"line":9,"column":61}},"loc":{"start":{"line":9,"column":64},"end":{"line":14,"column":5}}},"2":{"name":"(anonymous_4)","decl":{"start":{"line":14,"column":13},"end":{"line":14,"column":16}},"loc":{"start":{"line":14,"column":19},"end":{"line":17,"column":5}}},"3":{"name":"(anonymous_5)","decl":{"start":{"line":25,"column":35},"end":{"line":25,"column":36}},"loc":{"start":{"line":25,"column":63},"end":{"line":39,"column":1}}},"4":{"name":"(anonymous_6)","decl":{"start":{"line":27,"column":61},"end":{"line":27,"column":72}},"loc":{"start":{"line":27,"column":75},"end":{"line":34,"column":5}}},"5":{"name":"(anonymous_7)","decl":{"start":{"line":34,"column":13},"end":{"line":34,"column":16}},"loc":{"start":{"line":34,"column":19},"end":{"line":38,"column":5}}},"6":{"name":"(anonymous_8)","decl":{"start":{"line":46,"column":27},"end":{"line":46,"column":28}},"loc":{"start":{"line":46,"column":55},"end":{"line":59,"column":1}}},"7":{"name":"(anonymous_9)","decl":{"start":{"line":50,"column":14},"end":{"line":50,"column":28}},"loc":{"start":{"line":50,"column":31},"end":{"line":54,"column":9}}},"8":{"name":"(anonymous_10)","decl":{"start":{"line":54,"column":17},"end":{"line":54,"column":20}},"loc":{"start":{"line":54,"column":23},"end":{"line":58,"column":9}}},"9":{"name":"(anonymous_11)","decl":{"start":{"line":62,"column":28},"end":{"line":62,"column":29}},"loc":{"start":{"line":62,"column":56},"end":{"line":77,"column":1}}},"10":{"name":"(anonymous_12)","decl":{"start":{"line":65,"column":14},"end":{"line":65,"column":32}},"loc":{"start":{"line":65,"column":35},"end":{"line":71,"column":9}}},"11":{"name":"(anonymous_13)","decl":{"start":{"line":71,"column":17},"end":{"line":71,"column":20}},"loc":{"start":{"line":71,"column":23},"end":{"line":74,"column":9}}},"12":{"name":"(anonymous_14)","decl":{"start":{"line":74,"column":19},"end":{"line":74,"column":22}},"loc":{"start":{"line":74,"column":24},"end":{"line":76,"column":9}}}},"branchMap":{"0":{"loc":{"start":{"line":28,"column":8},"end":{"line":32,"column":null}},"type":"if","locations":[{"start":{"line":28,"column":8},"end":{"line":32,"column":null}},{"start":{"line":28,"column":8},"end":{"line":32,"column":null}}]},"1":{"loc":{"start":{"line":66,"column":12},"end":{"line":70,"column":null}},"type":"if","locations":[{"start":{"line":66,"column":12},"end":{"line":70,"column":null}},{"start":{"line":66,"column":12},"end":{"line":70,"column":null}}]}},"s":{"0":1,"1":1,"2":1,"3":1,"4":2,"5":1,"6":1,"7":1,"8":1,"9":1,"10":1,"11":1,"12":3,"13":3,"14":2,"15":1,"16":1,"17":2,"18":1,"19":1,"20":1,"21":1,"22":2,"23":2,"24":2,"25":1,"26":1,"27":1,"28":1,"29":1,"30":1,"31":1,"32":0,"33":0,"34":0,"35":0,"36":0,"37":0,"38":0,"39":0},"f":{"0":2,"1":1,"2":1,"3":3,"4":2,"5":1,"6":2,"7":1,"8":1,"9":0,"10":0,"11":0,"12":0},"b":{"0":[1,1],"1":[0,0]}}
,"/home/kings/200427/milton_reyes_p0/src/service/foodGroceryService.ts": {"path":"/home/kings/200427/milton_reyes_p0/src/service/foodGroceryService.ts","statementMap":{"0":{"start":{"line":1,"column":0},"end":{"line":1,"column":51}},"1":{"start":{"line":2,"column":0},"end":{"line":2,"column":56}},"2":{"start":{"line":5,"column":4},"end":{"line":5,"column":48}},"3":{"start":{"line":4,"column":0},"end":{"line":4,"column":16}},"4":{"start":{"line":9,"column":4},"end":{"line":9,"column":59}},"5":{"start":{"line":8,"column":0},"end":{"line":8,"column":16}},"6":{"start":{"line":14,"column":4},"end":{"line":14,"column":53}},"7":{"start":{"line":15,"column":4},"end":{"line":15,"column":29}},"8":{"start":{"line":18,"column":27},"end":{"line":19,"column":66}},"9":{"start":{"line":21,"column":4},"end":{"line":27,"column":null}},"10":{"start":{"line":22,"column":8},"end":{"line":22,"column":62}},"11":{"start":{"line":25,"column":8},"end":{"line":25,"column":44}},"12":{"start":{"line":26,"column":8},"end":{"line":26,"column":61}},"13":{"start":{"line":26,"column":48},"end":{"line":26,"column":59}},"14":{"start":{"line":12,"column":0},"end":{"line":12,"column":16}},"15":{"start":{"line":32,"column":24},"end":{"line":33,"column":null}},"16":{"start":{"line":36,"column":4},"end":{"line":38,"column":null}},"17":{"start":{"line":37,"column":8},"end":{"line":37,"column":31}},"18":{"start":{"line":40,"column":4},"end":{"line":40,"column":56}},"19":{"start":{"line":30,"column":0},"end":{"line":30,"column":16}}},"fnMap":{"0":{"name":"getAllFoodGroceries","decl":{"start":{"line":4,"column":16},"end":{"line":4,"column":35}},"loc":{"start":{"line":4,"column":35},"end":{"line":6,"column":1}}},"1":{"name":"getFoodGroceryByUpcFood","decl":{"start":{"line":8,"column":16},"end":{"line":8,"column":39}},"loc":{"start":{"line":8,"column":55},"end":{"line":10,"column":1}}},"2":{"name":"saveFoodGrocery","decl":{"start":{"line":12,"column":16},"end":{"line":12,"column":31}},"loc":{"start":{"line":12,"column":48},"end":{"line":28,"column":1}}},"3":{"name":"(anonymous_4)","decl":{"start":{"line":26,"column":27},"end":{"line":26,"column":28}},"loc":{"start":{"line":26,"column":48},"end":{"line":26,"column":59}}},"4":{"name":"patchFoodGrocery","decl":{"start":{"line":30,"column":16},"end":{"line":30,"column":32}},"loc":{"start":{"line":30,"column":43},"end":{"line":41,"column":1}}}},"branchMap":{"0":{"loc":{"start":{"line":21,"column":4},"end":{"line":27,"column":null}},"type":"if","locations":[{"start":{"line":21,"column":4},"end":{"line":27,"column":null}},{"start":{"line":21,"column":4},"end":{"line":27,"column":null}}]},"1":{"loc":{"start":{"line":21,"column":7},"end":{"line":21,"column":23}},"type":"binary-expr","locations":[{"start":{"line":21,"column":7},"end":{"line":21,"column":23}},{"start":{"line":21,"column":27},"end":{"line":21,"column":47}}]},"2":{"loc":{"start":{"line":36,"column":4},"end":{"line":38,"column":null}},"type":"if","locations":[{"start":{"line":36,"column":4},"end":{"line":38,"column":null}},{"start":{"line":36,"column":4},"end":{"line":38,"column":null}}]},"3":{"loc":{"start":{"line":36,"column":8},"end":{"line":36,"column":25}},"type":"binary-expr","locations":[{"start":{"line":36,"column":8},"end":{"line":36,"column":25}},{"start":{"line":36,"column":29},"end":{"line":36,"column":49}}]}},"s":{"0":2,"1":2,"2":0,"3":2,"4":0,"5":2,"6":4,"7":4,"8":4,"9":4,"10":2,"11":2,"12":2,"13":2,"14":2,"15":0,"16":0,"17":0,"18":0,"19":2},"f":{"0":0,"1":0,"2":4,"3":2,"4":0},"b":{"0":[2,2],"1":[4,3],"2":[0,0],"3":[0,0]}}
}
